<?xml version="1.0" encoding="UTF-8"?>
<!-- Generated by org.testng.reporters.JUnitReportReporter -->
<testsuite skipped="0" hostname="GYAN-LAB-PC5" name="TestNg.DataProviderDemo" tests="2" failures="0" timestamp="14 Oct 2019 05:26:17 GMT" time="0.000" errors="0">
  <testcase name="LoginDemo" time="0.000" classname="TestNg.DataProviderDemo"/>
  <testcase name="LoginDemo" time="0.000" classname="TestNg.DataProviderDemo"/>
</testsuite> <!-- TestNg.DataProviderDemo -->
