<?xml version="1.0" encoding="UTF-8"?>
<!-- Generated by org.testng.reporters.JUnitReportReporter -->
<testsuite skipped="0" hostname="GYAN-LAB-PC5" name="TestNg.Login" tests="2" failures="0" timestamp="26 Sep 2019 05:10:40 GMT" time="6.250" errors="0">
  <testcase name="check" time="1.834" classname="TestNg.Login"/>
  <testcase name="login" time="4.416" classname="TestNg.Login"/>
</testsuite> <!-- TestNg.Login -->
