<?xml version="1.0" encoding="UTF-8"?>
<!-- Generated by org.testng.reporters.JUnitReportReporter -->
<testsuite skipped="0" hostname="GYAN-LAB-PC5" name="TestNg.OrangeHrm" tests="3" failures="0" timestamp="25 Sep 2019 05:47:30 GMT" time="27.851" errors="0">
  <testcase name="launch1" time="7.942" classname="TestNg.OrangeHrm"/>
  <testcase name="launch2" time="10.147" classname="TestNg.OrangeHrm"/>
  <testcase name="launch" time="9.762" classname="TestNg.OrangeHrm"/>
</testsuite> <!-- TestNg.OrangeHrm -->
