<?xml version="1.0" encoding="UTF-8"?>
<!-- Generated by org.testng.reporters.JUnitReportReporter -->
<testsuite skipped="0" hostname="GYAN-LAB-PC5" name="TestNg.HomeTest" tests="2" failures="0" timestamp="26 Sep 2019 05:10:40 GMT" time="0.003" errors="0">
  <testcase name="HomePage" time="0.001" classname="TestNg.HomeTest"/>
  <testcase name="CheckImages" time="0.002" classname="TestNg.HomeTest"/>
</testsuite> <!-- TestNg.HomeTest -->
